This file contains any messages produced by compilers while
running configure, to aid debugging if configure makes a mistake.

It was created by libffi configure 3.1, which was
generated by GNU Autoconf 2.69.  Invocation command line was

  $ /mnt/f/UCSD/W22/CSE291_ProgramSynthesis/euphony/thirdparty/Python-3.5.1/Modules/_ctypes/libffi/configure 

## --------- ##
## Platform. ##
## --------- ##

hostname = DESKTOP-DS581C4
uname -m = x86_64
uname -r = 5.10.60.1-microsoft-standard-WSL2
uname -s = Linux
uname -v = #1 SMP Wed Aug 25 23:20:18 UTC 2021

/usr/bin/uname -p = x86_64
/bin/uname -X     = unknown

/bin/arch              = x86_64
/usr/bin/arch -k       = unknown
/usr/convex/getsysinfo = unknown
/usr/bin/hostinfo      = unknown
/bin/machine           = unknown
/usr/bin/oslevel       = unknown
/bin/universe          = unknown

PATH: /home/richard/.pyenv/plugins/pyenv-virtualenv/shims
PATH: /home/richard/.pyenv/shims
PATH: /home/richard/.pyenv/bin
PATH: /home/richard/.vscode-server/bin/899d46d82c4c95423fb7e10e68eba52050e30ba3/bin
PATH: /home/richard/.pyenv/plugins/pyenv-virtualenv/shims
PATH: /home/richard/.pyenv/shims
PATH: /home/richard/.pyenv/bin
PATH: /home/richard/.nvm/versions/node/v12.18.4/bin
PATH: /usr/local/sbin
PATH: /usr/local/bin
PATH: /usr/sbin
PATH: /usr/bin
PATH: /sbin
PATH: /bin
PATH: /usr/games
PATH: /usr/local/games
PATH: /usr/lib/wsl/lib
PATH: /mnt/c/Program Files (x86)/Common Files/Oracle/Java/javapath
PATH: /mnt/c/Windows/system32
PATH: /mnt/c/Windows
PATH: /mnt/c/Windows/System32/Wbem
PATH: /mnt/c/Windows/System32/WindowsPowerShell/v1.0/
PATH: /mnt/c/Windows/System32/OpenSSH/
PATH: /mnt/c/Program Files (x86)/NVIDIA Corporation/PhysX/Common
PATH: /mnt/c/Program Files/nodejs/
PATH: /mnt/c/WINDOWS/system32
PATH: /mnt/c/WINDOWS
PATH: /mnt/c/WINDOWS/System32/Wbem
PATH: /mnt/c/WINDOWS/System32/WindowsPowerShell/v1.0/
PATH: /mnt/c/WINDOWS/System32/OpenSSH/
PATH: /mnt/c/Program Files/NVIDIA Corporation/NVIDIA NvDLISR
PATH: /mnt/c/Program Files (x86)/Microsoft SQL Server/90/Tools/binn/
PATH: /mnt/c/Program Files/dotnet/
PATH: /mnt/c/Users/capta/AppData/Local/Microsoft/WindowsApps
PATH: /mnt/c/Users/capta/AppData/Roaming/npm
PATH: /mnt/c/Users/capta/AppData/Local/Programs/Microsoft VS Code/bin
PATH: /snap/bin


## ----------- ##
## Core tests. ##
## ----------- ##

configure:2739: checking build system type
configure:2753: result: x86_64-unknown-linux-gnu
configure:2773: checking host system type
configure:2786: result: x86_64-unknown-linux-gnu
configure:2806: checking target system type
configure:2819: result: x86_64-unknown-linux-gnu
configure:2915: checking for gsed
configure:2946: result: sed
configure:2974: checking for a BSD-compatible install
configure:3042: result: /usr/bin/install -c
configure:3053: checking whether build environment is sane
configure:3108: result: yes
configure:3254: checking for a thread-safe mkdir -p
configure:3293: result: /usr/bin/mkdir -p
configure:3300: checking for gawk
configure:3316: found /usr/bin/gawk
configure:3327: result: gawk
configure:3338: checking whether make sets $(MAKE)
configure:3360: result: yes
configure:3389: checking whether make supports nested variables
configure:3406: result: yes
configure:3549: checking for gcc
configure:3576: result: gcc -pthread
configure:3805: checking for C compiler version
configure:3814: gcc -pthread --version >&5
gcc (Ubuntu 9.3.0-10ubuntu2) 9.3.0
Copyright (C) 2019 Free Software Foundation, Inc.
This is free software; see the source for copying conditions.  There is NO
warranty; not even for MERCHANTABILITY or FITNESS FOR A PARTICULAR PURPOSE.

configure:3825: $? = 0
configure:3814: gcc -pthread -v >&5
Using built-in specs.
COLLECT_GCC=gcc
COLLECT_LTO_WRAPPER=/usr/lib/gcc/x86_64-linux-gnu/9/lto-wrapper
OFFLOAD_TARGET_NAMES=nvptx-none:hsa
OFFLOAD_TARGET_DEFAULT=1
Target: x86_64-linux-gnu
Configured with: ../src/configure -v --with-pkgversion='Ubuntu 9.3.0-10ubuntu2' --with-bugurl=file:///usr/share/doc/gcc-9/README.Bugs --enable-languages=c,ada,c++,go,brig,d,fortran,objc,obj-c++,gm2 --prefix=/usr --with-gcc-major-version-only --program-suffix=-9 --program-prefix=x86_64-linux-gnu- --enable-shared --enable-linker-build-id --libexecdir=/usr/lib --without-included-gettext --enable-threads=posix --libdir=/usr/lib --enable-nls --enable-clocale=gnu --enable-libstdcxx-debug --enable-libstdcxx-time=yes --with-default-libstdcxx-abi=new --enable-gnu-unique-object --disable-vtable-verify --enable-plugin --enable-default-pie --with-system-zlib --with-target-system-zlib=auto --enable-objc-gc=auto --enable-multiarch --disable-werror --with-arch-32=i686 --with-abi=m64 --with-multilib-list=m32,m64,mx32 --enable-multilib --with-tune=generic --enable-offload-targets=nvptx-none,hsa --without-cuda-driver --enable-checking=release --build=x86_64-linux-gnu --host=x86_64-linux-gnu --target=x86_64-linux-gnu
Thread model: posix
gcc version 9.3.0 (Ubuntu 9.3.0-10ubuntu2) 
configure:3825: $? = 0
configure:3814: gcc -pthread -V >&5
gcc: error: unrecognized command line option '-V'
gcc: fatal error: no input files
compilation terminated.
configure:3825: $? = 1
configure:3814: gcc -pthread -qversion >&5
gcc: error: unrecognized command line option '-qversion'; did you mean '--version'?
gcc: fatal error: no input files
compilation terminated.
configure:3825: $? = 1
configure:3845: checking whether the C compiler works
configure:3867: gcc -pthread    conftest.c  >&5
configure:3871: $? = 0
configure:3919: result: yes
configure:3922: checking for C compiler default output file name
configure:3924: result: a.out
configure:3930: checking for suffix of executables
configure:3937: gcc -pthread -o conftest    conftest.c  >&5
configure:3941: $? = 0
configure:3963: result: 
configure:3985: checking whether we are cross compiling
configure:3993: gcc -pthread -o conftest    conftest.c  >&5
configure:3997: $? = 0
configure:4004: ./conftest
configure:4008: $? = 0
configure:3996: result: no
configure:4001: checking for suffix of object files
configure:4023: gcc -pthread -c   conftest.c >&5
configure:4027: $? = 0
configure:4048: result: o
configure:4052: checking whether we are using the GNU C compiler
configure:4071: gcc -pthread -c   conftest.c >&5
configure:4071: $? = 0
configure:4080: result: yes
configure:4089: checking whether gcc -pthread accepts -g
configure:4109: gcc -pthread -c -g  conftest.c >&5
configure:4109: $? = 0
configure:4150: result: yes
configure:4167: checking for gcc -pthread option to accept ISO C89
configure:4230: gcc -pthread  -c   conftest.c >&5
configure:4230: $? = 0
configure:4243: result: none needed
configure:4274: checking for style of include used by make
configure:4302: result: GNU
configure:4328: checking dependency style of gcc -pthread
configure:4439: result: gcc3
configure:4512: checking for g++
configure:4528: found /usr/bin/g++
configure:4539: result: g++
configure:4566: checking for C++ compiler version
configure:4575: g++ --version >&5
g++ (Ubuntu 9.3.0-10ubuntu2) 9.3.0
Copyright (C) 2019 Free Software Foundation, Inc.
This is free software; see the source for copying conditions.  There is NO
warranty; not even for MERCHANTABILITY or FITNESS FOR A PARTICULAR PURPOSE.

configure:4586: $? = 0
configure:4575: g++ -v >&5
Using built-in specs.
COLLECT_GCC=g++
COLLECT_LTO_WRAPPER=/usr/lib/gcc/x86_64-linux-gnu/9/lto-wrapper
OFFLOAD_TARGET_NAMES=nvptx-none:hsa
OFFLOAD_TARGET_DEFAULT=1
Target: x86_64-linux-gnu
Configured with: ../src/configure -v --with-pkgversion='Ubuntu 9.3.0-10ubuntu2' --with-bugurl=file:///usr/share/doc/gcc-9/README.Bugs --enable-languages=c,ada,c++,go,brig,d,fortran,objc,obj-c++,gm2 --prefix=/usr --with-gcc-major-version-only --program-suffix=-9 --program-prefix=x86_64-linux-gnu- --enable-shared --enable-linker-build-id --libexecdir=/usr/lib --without-included-gettext --enable-threads=posix --libdir=/usr/lib --enable-nls --enable-clocale=gnu --enable-libstdcxx-debug --enable-libstdcxx-time=yes --with-default-libstdcxx-abi=new --enable-gnu-unique-object --disable-vtable-verify --enable-plugin --enable-default-pie --with-system-zlib --with-target-system-zlib=auto --enable-objc-gc=auto --enable-multiarch --disable-werror --with-arch-32=i686 --with-abi=m64 --with-multilib-list=m32,m64,mx32 --enable-multilib --with-tune=generic --enable-offload-targets=nvptx-none,hsa --without-cuda-driver --enable-checking=release --build=x86_64-linux-gnu --host=x86_64-linux-gnu --target=x86_64-linux-gnu
Thread model: posix
gcc version 9.3.0 (Ubuntu 9.3.0-10ubuntu2) 
configure:4586: $? = 0
configure:4575: g++ -V >&5
g++: error: unrecognized command line option '-V'
g++: fatal error: no input files
compilation terminated.
configure:4586: $? = 1
configure:4575: g++ -qversion >&5
g++: error: unrecognized command line option '-qversion'; did you mean '--version'?
g++: fatal error: no input files
compilation terminated.
configure:4586: $? = 1
configure:4590: checking whether we are using the GNU C++ compiler
configure:4609: g++ -c   conftest.cpp >&5
configure:4609: $? = 0
configure:4618: result: yes
configure:4627: checking whether g++ accepts -g
configure:4647: g++ -c -g  conftest.cpp >&5
configure:4647: $? = 0
configure:4688: result: yes
configure:4713: checking dependency style of g++
configure:4824: result: gcc3
configure:4854: checking dependency style of gcc -pthread
configure:4963: result: gcc3
configure:4979: checking whether gcc -pthread and cc understand -c and -o together
configure:5010: gcc -pthread -c conftest.c -o conftest2.o >&5
configure:5014: $? = 0
configure:5020: gcc -pthread -c conftest.c -o conftest2.o >&5
configure:5024: $? = 0
configure:5035: cc -c conftest.c >&5
configure:5039: $? = 0
configure:5047: cc -c conftest.c -o conftest2.o >&5
configure:5051: $? = 0
configure:5057: cc -c conftest.c -o conftest2.o >&5
configure:5061: $? = 0
configure:5079: result: yes
configure:5150: checking how to print strings
configure:5177: result: printf
configure:5198: checking for a sed that does not truncate output
configure:5262: result: /usr/bin/sed
configure:5280: checking for grep that handles long lines and -e
configure:5338: result: /usr/bin/grep
configure:5343: checking for egrep
configure:5405: result: /usr/bin/grep -E
configure:5410: checking for fgrep
configure:5472: result: /usr/bin/grep -F
configure:5507: checking for ld used by gcc -pthread
configure:5574: result: /usr/bin/ld
configure:5581: checking if the linker (/usr/bin/ld) is GNU ld
configure:5596: result: yes
configure:5608: checking for BSD- or MS-compatible name lister (nm)
configure:5657: result: /usr/bin/nm -B
configure:5787: checking the name lister (/usr/bin/nm -B) interface
configure:5794: gcc -pthread -c   conftest.c >&5
configure:5797: /usr/bin/nm -B "conftest.o"
configure:5800: output
0000000000000000 B some_variable
configure:5801: result: BSD nm
configure:5804: checking whether ln -s works
configure:5808: result: yes
configure:5816: checking the maximum length of command line arguments
configure:5947: result: 1572864
configure:5995: checking how to convert x86_64-unknown-linux-gnu file names to x86_64-unknown-linux-gnu format
configure:6035: result: func_convert_file_noop
configure:6042: checking how to convert x86_64-unknown-linux-gnu file names to toolchain format
configure:6062: result: func_convert_file_noop
configure:6069: checking for /usr/bin/ld option to reload object files
configure:6076: result: -r
configure:6150: checking for objdump
configure:6166: found /usr/bin/objdump
configure:6177: result: objdump
configure:6209: checking how to recognize dependent libraries
configure:6406: result: pass_all
configure:6491: checking for dlltool
configure:6521: result: no
configure:6551: checking how to associate runtime and link libraries
configure:6578: result: printf %s\n
configure:6639: checking for ar
configure:6655: found /usr/bin/ar
configure:6666: result: ar
configure:6703: checking for archiver @FILE support
configure:6720: gcc -pthread -c   conftest.c >&5
configure:6720: $? = 0
configure:6723: ar cru libconftest.a @conftest.lst >&5
ar: `u' modifier ignored since `D' is the default (see `U')
configure:6726: $? = 0
configure:6731: ar cru libconftest.a @conftest.lst >&5
ar: `u' modifier ignored since `D' is the default (see `U')
ar: conftest.o: No such file or directory
configure:6734: $? = 1
configure:6733: result: @
configure:6791: checking for strip
configure:6807: found /usr/bin/strip
configure:6818: result: strip
configure:6890: checking for ranlib
configure:6906: found /usr/bin/ranlib
configure:6917: result: ranlib
configure:7019: checking command to parse /usr/bin/nm -B output from gcc -pthread object
configure:7172: gcc -pthread -c   conftest.c >&5
configure:7175: $? = 0
configure:7179: /usr/bin/nm -B conftest.o \| sed -n -e 's/^.*[ ]\([ABCDGIRSTW][ABCDGIRSTW]*\)[ ][ ]*\([_A-Za-z][_A-Za-z0-9]*\)$/\1 \2 \2/p' | sed '/ __gnu_lto/d' \> conftest.nm
configure:7182: $? = 0
configure:7248: gcc -pthread -o conftest    conftest.c conftstm.o >&5
configure:7251: $? = 0
configure:7289: result: ok
configure:7336: checking for sysroot
configure:7366: result: no
configure:7486: gcc -pthread -c   conftest.c >&5
configure:7489: $? = 0
configure:7679: checking for mt
configure:7695: found /usr/bin/mt
configure:7706: result: mt
configure:7729: checking if mt is a manifest tool
configure:7735: mt '-?'
configure:7743: result: no
configure:8385: checking how to run the C preprocessor
configure:8416: gcc -pthread -E  conftest.c
configure:8416: $? = 0
configure:8430: gcc -pthread -E  conftest.c
conftest.c:11:10: fatal error: ac_nonexistent.h: No such file or directory
   11 | #include <ac_nonexistent.h>
      |          ^~~~~~~~~~~~~~~~~~
compilation terminated.
configure:8430: $? = 1
configure: failed program was:
| /* confdefs.h */
| #define PACKAGE_NAME "libffi"
| #define PACKAGE_TARNAME "libffi"
| #define PACKAGE_VERSION "3.1"
| #define PACKAGE_STRING "libffi 3.1"
| #define PACKAGE_BUGREPORT "http://github.com/atgreen/libffi/issues"
| #define PACKAGE_URL ""
| #define PACKAGE "libffi"
| #define VERSION "3.1"
| /* end confdefs.h.  */
| #include <ac_nonexistent.h>
configure:8455: result: gcc -pthread -E
configure:8475: gcc -pthread -E  conftest.c
configure:8475: $? = 0
configure:8489: gcc -pthread -E  conftest.c
conftest.c:11:10: fatal error: ac_nonexistent.h: No such file or directory
   11 | #include <ac_nonexistent.h>
      |          ^~~~~~~~~~~~~~~~~~
compilation terminated.
configure:8489: $? = 1
configure: failed program was:
| /* confdefs.h */
| #define PACKAGE_NAME "libffi"
| #define PACKAGE_TARNAME "libffi"
| #define PACKAGE_VERSION "3.1"
| #define PACKAGE_STRING "libffi 3.1"
| #define PACKAGE_BUGREPORT "http://github.com/atgreen/libffi/issues"
| #define PACKAGE_URL ""
| #define PACKAGE "libffi"
| #define VERSION "3.1"
| /* end confdefs.h.  */
| #include <ac_nonexistent.h>
configure:8518: checking for ANSI C header files
configure:8538: gcc -pthread -c   conftest.c >&5
configure:8538: $? = 0
configure:8611: gcc -pthread -o conftest    conftest.c  >&5
configure:8611: $? = 0
configure:8611: ./conftest
configure:8611: $? = 0
configure:8622: result: yes
configure:8635: checking for sys/types.h
configure:8635: gcc -pthread -c   conftest.c >&5
configure:8635: $? = 0
configure:8635: result: yes
configure:8635: checking for sys/stat.h
configure:8635: gcc -pthread -c   conftest.c >&5
configure:8635: $? = 0
configure:8635: result: yes
configure:8635: checking for stdlib.h
configure:8635: gcc -pthread -c   conftest.c >&5
configure:8635: $? = 0
configure:8635: result: yes
configure:8635: checking for string.h
configure:8635: gcc -pthread -c   conftest.c >&5
configure:8635: $? = 0
configure:8635: result: yes
configure:8635: checking for memory.h
configure:8635: gcc -pthread -c   conftest.c >&5
configure:8635: $? = 0
configure:8635: result: yes
configure:8635: checking for strings.h
configure:8635: gcc -pthread -c   conftest.c >&5
configure:8635: $? = 0
configure:8635: result: yes
configure:8635: checking for inttypes.h
configure:8635: gcc -pthread -c   conftest.c >&5
configure:8635: $? = 0
configure:8635: result: yes
configure:8635: checking for stdint.h
configure:8635: gcc -pthread -c   conftest.c >&5
configure:8635: $? = 0
configure:8635: result: yes
configure:8635: checking for unistd.h
configure:8635: gcc -pthread -c   conftest.c >&5
configure:8635: $? = 0
configure:8635: result: yes
configure:8649: checking for dlfcn.h
configure:8649: gcc -pthread -c   conftest.c >&5
configure:8649: $? = 0
configure:8649: result: yes
configure:8864: checking for objdir
configure:8879: result: .libs
configure:9150: checking if gcc -pthread supports -fno-rtti -fno-exceptions
configure:9168: gcc -pthread -c   -fno-rtti -fno-exceptions conftest.c >&5
cc1: warning: command line option '-fno-rtti' is valid for C++/D/ObjC++ but not for C
configure:9172: $? = 0
configure:9185: result: no
configure:9533: checking for gcc -pthread option to produce PIC
configure:9540: result: -fPIC -DPIC
configure:9548: checking if gcc -pthread PIC flag -fPIC -DPIC works
configure:9566: gcc -pthread -c   -fPIC -DPIC -DPIC conftest.c >&5
configure:9570: $? = 0
configure:9583: result: yes
configure:9612: checking if gcc -pthread static flag -static works
configure:9640: result: yes
configure:9655: checking if gcc -pthread supports -c -o file.o
configure:9676: gcc -pthread -c   -o out/conftest2.o conftest.c >&5
configure:9680: $? = 0
configure:9702: result: yes
configure:9710: checking if gcc -pthread supports -c -o file.o
configure:9757: result: yes
configure:9790: checking whether the gcc -pthread linker (/usr/bin/ld -m elf_x86_64) supports shared libraries
configure:10938: result: yes
configure:10975: checking whether -lc should be explicitly linked in
configure:10983: gcc -pthread -c   conftest.c >&5
configure:10986: $? = 0
configure:11001: gcc -pthread -shared  -fPIC -DPIC conftest.o  -v -Wl,-soname -Wl,conftest -o conftest 2\>\&1 \| /usr/bin/grep  -lc  \>/dev/null 2\>\&1
configure:11004: $? = 0
configure:11018: result: no
configure:11178: checking dynamic linker characteristics
configure:11705: gcc -pthread -o conftest    -Wl,-rpath -Wl,/foo conftest.c  >&5
configure:11705: $? = 0
configure:11916: result: GNU/Linux ld.so
configure:12023: checking how to hardcode library paths into programs
configure:12048: result: immediate
configure:12596: checking whether stripping libraries is possible
configure:12601: result: yes
configure:12636: checking if libtool supports shared libraries
configure:12638: result: yes
configure:12641: checking whether to build shared libraries
configure:12662: result: yes
configure:12665: checking whether to build static libraries
configure:12669: result: yes
configure:9694: checking how to run the C++ preprocessor
configure:9721: g++ -E  conftest.cpp
configure:9721: $? = 0
configure:9735: g++ -E  conftest.cpp
conftest.cpp:23:10: fatal error: ac_nonexistent.h: No such file or directory
   23 | #include <ac_nonexistent.h>
      |          ^~~~~~~~~~~~~~~~~~
compilation terminated.
configure:9735: $? = 1
configure: failed program was:
| /* confdefs.h */
| #define PACKAGE_NAME "libffi"
| #define PACKAGE_TARNAME "libffi"
| #define PACKAGE_VERSION "3.1"
| #define PACKAGE_STRING "libffi 3.1"
| #define PACKAGE_BUGREPORT "http://github.com/atgreen/libffi/issues"
| #define PACKAGE_URL ""
| #define PACKAGE "libffi"
| #define VERSION "3.1"
| #define STDC_HEADERS 1
| #define HAVE_SYS_TYPES_H 1
| #define HAVE_SYS_STAT_H 1
| #define HAVE_STDLIB_H 1
| #define HAVE_STRING_H 1
| #define HAVE_MEMORY_H 1
| #define HAVE_STRINGS_H 1
| #define HAVE_INTTYPES_H 1
| #define HAVE_STDINT_H 1
| #define HAVE_UNISTD_H 1
| #define HAVE_DLFCN_H 1
| #define LT_OBJDIR ".libs/"
| /* end confdefs.h.  */
| #include <ac_nonexistent.h>
configure:9760: result: g++ -E
configure:9780: g++ -E  conftest.cpp
configure:9780: $? = 0
configure:9794: g++ -E  conftest.cpp
conftest.cpp:23:10: fatal error: ac_nonexistent.h: No such file or directory
   23 | #include <ac_nonexistent.h>
      |          ^~~~~~~~~~~~~~~~~~
compilation terminated.
configure:9794: $? = 1
configure: failed program was:
| /* confdefs.h */
| #define PACKAGE_NAME "libffi"
| #define PACKAGE_TARNAME "libffi"
| #define PACKAGE_VERSION "3.1"
| #define PACKAGE_STRING "libffi 3.1"
| #define PACKAGE_BUGREPORT "http://github.com/atgreen/libffi/issues"
| #define PACKAGE_URL ""
| #define PACKAGE "libffi"
| #define VERSION "3.1"
| #define STDC_HEADERS 1
| #define HAVE_SYS_TYPES_H 1
| #define HAVE_SYS_STAT_H 1
| #define HAVE_STDLIB_H 1
| #define HAVE_STRING_H 1
| #define HAVE_MEMORY_H 1
| #define HAVE_STRINGS_H 1
| #define HAVE_INTTYPES_H 1
| #define HAVE_STDINT_H 1
| #define HAVE_UNISTD_H 1
| #define HAVE_DLFCN_H 1
| #define LT_OBJDIR ".libs/"
| /* end confdefs.h.  */
| #include <ac_nonexistent.h>
configure:9963: checking for ld used by g++
configure:10030: result: /usr/bin/ld -m elf_x86_64
configure:10037: checking if the linker (/usr/bin/ld -m elf_x86_64) is GNU ld
configure:10052: result: yes
configure:10107: checking whether the g++ linker (/usr/bin/ld -m elf_x86_64) supports shared libraries
configure:11105: result: yes
configure:11141: g++ -c -g -O2  conftest.cpp >&5
configure:11144: $? = 0
configure:11665: checking for g++ option to produce PIC
configure:11672: result: -fPIC -DPIC
configure:11680: checking if g++ PIC flag -fPIC -DPIC works
configure:11698: g++ -c -g -O2  -fPIC -DPIC -DPIC conftest.cpp >&5
configure:11702: $? = 0
configure:11715: result: yes
configure:11738: checking if g++ static flag -static works
configure:11766: result: yes
configure:11778: checking if g++ supports -c -o file.o
configure:11799: g++ -c -g -O2  -o out/conftest2.o conftest.cpp >&5
configure:11803: $? = 0
configure:11825: result: yes
configure:11830: checking if g++ supports -c -o file.o
configure:11877: result: yes
configure:11907: checking whether the g++ linker (/usr/bin/ld -m elf_x86_64) supports shared libraries
configure:11943: result: yes
configure:12084: checking dynamic linker characteristics
configure:12749: result: GNU/Linux ld.so
configure:12802: checking how to hardcode library paths into programs
configure:12827: result: immediate
configure:11837: checking size of size_t
configure:11842: gcc -pthread -o conftest    conftest.c  >&5
configure:11842: $? = 0
configure:11842: ./conftest
configure:11842: $? = 0
configure:11856: result: 8
configure:11867: checking for C compiler vendor
configure:11912: gcc -pthread -c   conftest.c >&5
conftest.c: In function 'main':
conftest.c:30:9: error: 'thisisanerror' undeclared (first use in this function)
   30 |         thisisanerror;
      |         ^~~~~~~~~~~~~
conftest.c:30:9: note: each undeclared identifier is reported only once for each function it appears in
configure:11912: $? = 1
configure: failed program was:
| /* confdefs.h */
| #define PACKAGE_NAME "libffi"
| #define PACKAGE_TARNAME "libffi"
| #define PACKAGE_VERSION "3.1"
| #define PACKAGE_STRING "libffi 3.1"
| #define PACKAGE_BUGREPORT "http://github.com/atgreen/libffi/issues"
| #define PACKAGE_URL ""
| #define PACKAGE "libffi"
| #define VERSION "3.1"
| #define STDC_HEADERS 1
| #define HAVE_SYS_TYPES_H 1
| #define HAVE_SYS_STAT_H 1
| #define HAVE_STDLIB_H 1
| #define HAVE_STRING_H 1
| #define HAVE_MEMORY_H 1
| #define HAVE_STRINGS_H 1
| #define HAVE_INTTYPES_H 1
| #define HAVE_STDINT_H 1
| #define HAVE_UNISTD_H 1
| #define HAVE_DLFCN_H 1
| #define LT_OBJDIR ".libs/"
| #define SIZEOF_SIZE_T 8
| /* end confdefs.h.  */
| 
| int
| main ()
| {
| 
|       #if !(defined(__ICC) || defined(__ECC) || defined(__INTEL_COMPILER))
|         thisisanerror;
|       #endif
| 
|   ;
|   return 0;
| }
configure:11912: gcc -pthread -c   conftest.c >&5
conftest.c: In function 'main':
conftest.c:30:9: error: 'thisisanerror' undeclared (first use in this function)
   30 |         thisisanerror;
      |         ^~~~~~~~~~~~~
conftest.c:30:9: note: each undeclared identifier is reported only once for each function it appears in
configure:11912: $? = 1
configure: failed program was:
| /* confdefs.h */
| #define PACKAGE_NAME "libffi"
| #define PACKAGE_TARNAME "libffi"
| #define PACKAGE_VERSION "3.1"
| #define PACKAGE_STRING "libffi 3.1"
| #define PACKAGE_BUGREPORT "http://github.com/atgreen/libffi/issues"
| #define PACKAGE_URL ""
| #define PACKAGE "libffi"
| #define VERSION "3.1"
| #define STDC_HEADERS 1
| #define HAVE_SYS_TYPES_H 1
| #define HAVE_SYS_STAT_H 1
| #define HAVE_STDLIB_H 1
| #define HAVE_STRING_H 1
| #define HAVE_MEMORY_H 1
| #define HAVE_STRINGS_H 1
| #define HAVE_INTTYPES_H 1
| #define HAVE_STDINT_H 1
| #define HAVE_UNISTD_H 1
| #define HAVE_DLFCN_H 1
| #define LT_OBJDIR ".libs/"
| #define SIZEOF_SIZE_T 8
| /* end confdefs.h.  */
| 
| int
| main ()
| {
| 
|       #if !(defined(__xlc__) || defined(__xlC__) || defined(__IBMC__) || defined(__IBMCPP__))
|         thisisanerror;
|       #endif
| 
|   ;
|   return 0;
| }
configure:11912: gcc -pthread -c   conftest.c >&5
conftest.c: In function 'main':
conftest.c:30:9: error: 'thisisanerror' undeclared (first use in this function)
   30 |         thisisanerror;
      |         ^~~~~~~~~~~~~
conftest.c:30:9: note: each undeclared identifier is reported only once for each function it appears in
configure:11912: $? = 1
configure: failed program was:
| /* confdefs.h */
| #define PACKAGE_NAME "libffi"
| #define PACKAGE_TARNAME "libffi"
| #define PACKAGE_VERSION "3.1"
| #define PACKAGE_STRING "libffi 3.1"
| #define PACKAGE_BUGREPORT "http://github.com/atgreen/libffi/issues"
| #define PACKAGE_URL ""
| #define PACKAGE "libffi"
| #define VERSION "3.1"
| #define STDC_HEADERS 1
| #define HAVE_SYS_TYPES_H 1
| #define HAVE_SYS_STAT_H 1
| #define HAVE_STDLIB_H 1
| #define HAVE_STRING_H 1
| #define HAVE_MEMORY_H 1
| #define HAVE_STRINGS_H 1
| #define HAVE_INTTYPES_H 1
| #define HAVE_STDINT_H 1
| #define HAVE_UNISTD_H 1
| #define HAVE_DLFCN_H 1
| #define LT_OBJDIR ".libs/"
| #define SIZEOF_SIZE_T 8
| /* end confdefs.h.  */
| 
| int
| main ()
| {
| 
|       #if !(defined(__PATHCC__) || defined(__PATHSCALE__))
|         thisisanerror;
|       #endif
| 
|   ;
|   return 0;
| }
configure:11912: gcc -pthread -c   conftest.c >&5
conftest.c: In function 'main':
conftest.c:30:9: error: 'thisisanerror' undeclared (first use in this function)
   30 |         thisisanerror;
      |         ^~~~~~~~~~~~~
conftest.c:30:9: note: each undeclared identifier is reported only once for each function it appears in
configure:11912: $? = 1
configure: failed program was:
| /* confdefs.h */
| #define PACKAGE_NAME "libffi"
| #define PACKAGE_TARNAME "libffi"
| #define PACKAGE_VERSION "3.1"
| #define PACKAGE_STRING "libffi 3.1"
| #define PACKAGE_BUGREPORT "http://github.com/atgreen/libffi/issues"
| #define PACKAGE_URL ""
| #define PACKAGE "libffi"
| #define VERSION "3.1"
| #define STDC_HEADERS 1
| #define HAVE_SYS_TYPES_H 1
| #define HAVE_SYS_STAT_H 1
| #define HAVE_STDLIB_H 1
| #define HAVE_STRING_H 1
| #define HAVE_MEMORY_H 1
| #define HAVE_STRINGS_H 1
| #define HAVE_INTTYPES_H 1
| #define HAVE_STDINT_H 1
| #define HAVE_UNISTD_H 1
| #define HAVE_DLFCN_H 1
| #define LT_OBJDIR ".libs/"
| #define SIZEOF_SIZE_T 8
| /* end confdefs.h.  */
| 
| int
| main ()
| {
| 
|       #if !(defined(__clang__))
|         thisisanerror;
|       #endif
| 
|   ;
|   return 0;
| }
configure:11912: gcc -pthread -c   conftest.c >&5
configure:11912: $? = 0
configure:11920: result: gnu
configure:12746: : CFLAGS already contains 
configure:12749: $? = 0
configure:12771: checking CFLAGS for maximum warnings
configure:12791: gcc -pthread -c  -warn all  -warn all  conftest.c >&5
gcc: error: all: No such file or directory
gcc: error: all: No such file or directory
gcc: error: unrecognized command line option '-warn'; did you mean '--warn-'?
gcc: error: unrecognized command line option '-warn'; did you mean '--warn-'?
configure:12791: $? = 1
configure: failed program was:
| /* confdefs.h */
| #define PACKAGE_NAME "libffi"
| #define PACKAGE_TARNAME "libffi"
| #define PACKAGE_VERSION "3.1"
| #define PACKAGE_STRING "libffi 3.1"
| #define PACKAGE_BUGREPORT "http://github.com/atgreen/libffi/issues"
| #define PACKAGE_URL ""
| #define PACKAGE "libffi"
| #define VERSION "3.1"
| #define STDC_HEADERS 1
| #define HAVE_SYS_TYPES_H 1
| #define HAVE_SYS_STAT_H 1
| #define HAVE_STDLIB_H 1
| #define HAVE_STRING_H 1
| #define HAVE_MEMORY_H 1
| #define HAVE_STRINGS_H 1
| #define HAVE_INTTYPES_H 1
| #define HAVE_STDINT_H 1
| #define HAVE_UNISTD_H 1
| #define HAVE_DLFCN_H 1
| #define LT_OBJDIR ".libs/"
| #define SIZEOF_SIZE_T 8
| /* end confdefs.h.  */
| 
| int
| main ()
| {
| 
|   ;
|   return 0;
| }
configure:12791: gcc -pthread -c  -pedantic  -Wall  conftest.c >&5
configure:12791: $? = 0
configure:12799: result: -Wall
configure:12815: : CFLAGS="$CFLAGS $ac_cv_cflags_warn_all"
configure:12818: $? = 0
configure:12848: checking whether to enable maintainer-specific portions of Makefiles
configure:12857: result: no
configure:12873: checking sys/mman.h usability
configure:12873: gcc -pthread -c  -Wall -fexceptions  conftest.c >&5
configure:12873: $? = 0
configure:12873: result: yes
configure:12873: checking sys/mman.h presence
configure:12873: gcc -pthread -E  conftest.c
configure:12873: $? = 0
configure:12873: result: yes
configure:12873: checking for sys/mman.h
configure:12873: result: yes
configure:12885: checking for mmap
configure:12885: gcc -pthread -o conftest  -Wall -fexceptions   conftest.c  >&5
configure:12885: $? = 0
configure:12885: result: yes
configure:12895: checking for sys/mman.h
configure:12895: result: yes
configure:12903: checking for mmap
configure:12903: result: yes
configure:12916: checking whether read-only mmap of a plain file works
configure:12933: result: yes
configure:12935: checking whether mmap from /dev/zero works
configure:12957: result: yes
configure:12961: checking for MAP_ANON(YMOUS)
configure:12984: gcc -pthread -c  -Wall -fexceptions  conftest.c >&5
conftest.c: In function 'main':
conftest.c:37:5: warning: unused variable 'n' [-Wunused-variable]
   37 | int n = MAP_ANONYMOUS;
      |     ^
configure:12984: $? = 0
configure:12991: result: yes
configure:12997: checking whether mmap with MAP_ANON(YMOUS) works
configure:13014: result: yes
configure:13585: checking for ANSI C header files
configure:13689: result: yes
configure:13699: checking for memcpy
configure:13699: gcc -pthread -o conftest  -Wall -fexceptions   conftest.c  >&5
conftest.c:53:6: warning: conflicting types for built-in function 'memcpy'; expected 'void *(void *, const void *, long unsigned int)' [-Wbuiltin-declaration-mismatch]
   53 | char memcpy ();
      |      ^~~~~~
conftest.c:41:1: note: 'memcpy' is declared in header '<string.h>'
   40 | # include <limits.h>
   41 | #else
configure:13699: $? = 0
configure:13699: result: yes
configure:13708: checking for size_t
configure:13708: gcc -pthread -c  -Wall -fexceptions  conftest.c >&5
configure:13708: $? = 0
configure:13708: gcc -pthread -c  -Wall -fexceptions  conftest.c >&5
conftest.c: In function 'main':
conftest.c:67:21: error: expected expression before ')' token
   67 | if (sizeof ((size_t)))
      |                     ^
configure:13708: $? = 1
configure: failed program was:
| /* confdefs.h */
| #define PACKAGE_NAME "libffi"
| #define PACKAGE_TARNAME "libffi"
| #define PACKAGE_VERSION "3.1"
| #define PACKAGE_STRING "libffi 3.1"
| #define PACKAGE_BUGREPORT "http://github.com/atgreen/libffi/issues"
| #define PACKAGE_URL ""
| #define PACKAGE "libffi"
| #define VERSION "3.1"
| #define STDC_HEADERS 1
| #define HAVE_SYS_TYPES_H 1
| #define HAVE_SYS_STAT_H 1
| #define HAVE_STDLIB_H 1
| #define HAVE_STRING_H 1
| #define HAVE_MEMORY_H 1
| #define HAVE_STRINGS_H 1
| #define HAVE_INTTYPES_H 1
| #define HAVE_STDINT_H 1
| #define HAVE_UNISTD_H 1
| #define HAVE_DLFCN_H 1
| #define LT_OBJDIR ".libs/"
| #define SIZEOF_SIZE_T 8
| #define HAVE_SYS_MMAN_H 1
| #define HAVE_MMAP 1
| #define HAVE_MMAP_FILE 1
| #define HAVE_MMAP_DEV_ZERO 1
| #define HAVE_MMAP_ANON 1
| #define STDC_HEADERS 1
| #define HAVE_MEMCPY 1
| /* end confdefs.h.  */
| #include <stdio.h>
| #ifdef HAVE_SYS_TYPES_H
| # include <sys/types.h>
| #endif
| #ifdef HAVE_SYS_STAT_H
| # include <sys/stat.h>
| #endif
| #ifdef STDC_HEADERS
| # include <stdlib.h>
| # include <stddef.h>
| #else
| # ifdef HAVE_STDLIB_H
| #  include <stdlib.h>
| # endif
| #endif
| #ifdef HAVE_STRING_H
| # if !defined STDC_HEADERS && defined HAVE_MEMORY_H
| #  include <memory.h>
| # endif
| # include <string.h>
| #endif
| #ifdef HAVE_STRINGS_H
| # include <strings.h>
| #endif
| #ifdef HAVE_INTTYPES_H
| # include <inttypes.h>
| #endif
| #ifdef HAVE_STDINT_H
| # include <stdint.h>
| #endif
| #ifdef HAVE_UNISTD_H
| # include <unistd.h>
| #endif
| int
| main ()
| {
| if (sizeof ((size_t)))
| 	    return 0;
|   ;
|   return 0;
| }
configure:13708: result: yes
configure:13721: checking for working alloca.h
configure:13738: gcc -pthread -o conftest  -Wall -fexceptions   conftest.c  >&5
configure:13738: $? = 0
configure:13746: result: yes
configure:13754: checking for alloca
configure:13791: gcc -pthread -o conftest  -Wall -fexceptions   conftest.c  >&5
configure:13791: $? = 0
configure:13799: result: yes
configure:13910: checking size of double
configure:13915: gcc -pthread -o conftest  -Wall -fexceptions   conftest.c  >&5
configure:13915: $? = 0
configure:13915: ./conftest
configure:13915: $? = 0
configure:13929: result: 8
configure:13943: checking size of long double
configure:13948: gcc -pthread -o conftest  -Wall -fexceptions   conftest.c  >&5
configure:13948: $? = 0
configure:13948: ./conftest
configure:13948: $? = 0
configure:13962: result: 16
configure:13995: checking whether byte ordering is bigendian
configure:14010: gcc -pthread -c  -Wall -fexceptions  conftest.c >&5
conftest.c:37:9: error: unknown type name 'not'
   37 |         not a universal capable compiler
      |         ^~~
conftest.c:37:15: error: expected '=', ',', ';', 'asm' or '__attribute__' before 'universal'
   37 |         not a universal capable compiler
      |               ^~~~~~~~~
conftest.c:37:15: error: unknown type name 'universal'
configure:14010: $? = 1
configure: failed program was:
| /* confdefs.h */
| #define PACKAGE_NAME "libffi"
| #define PACKAGE_TARNAME "libffi"
| #define PACKAGE_VERSION "3.1"
| #define PACKAGE_STRING "libffi 3.1"
| #define PACKAGE_BUGREPORT "http://github.com/atgreen/libffi/issues"
| #define PACKAGE_URL ""
| #define PACKAGE "libffi"
| #define VERSION "3.1"
| #define STDC_HEADERS 1
| #define HAVE_SYS_TYPES_H 1
| #define HAVE_SYS_STAT_H 1
| #define HAVE_STDLIB_H 1
| #define HAVE_STRING_H 1
| #define HAVE_MEMORY_H 1
| #define HAVE_STRINGS_H 1
| #define HAVE_INTTYPES_H 1
| #define HAVE_STDINT_H 1
| #define HAVE_UNISTD_H 1
| #define HAVE_DLFCN_H 1
| #define LT_OBJDIR ".libs/"
| #define SIZEOF_SIZE_T 8
| #define HAVE_SYS_MMAN_H 1
| #define HAVE_MMAP 1
| #define HAVE_MMAP_FILE 1
| #define HAVE_MMAP_DEV_ZERO 1
| #define HAVE_MMAP_ANON 1
| #define STDC_HEADERS 1
| #define HAVE_MEMCPY 1
| #define HAVE_ALLOCA_H 1
| #define HAVE_ALLOCA 1
| #define SIZEOF_DOUBLE 8
| #define SIZEOF_LONG_DOUBLE 16
| #define HAVE_LONG_DOUBLE 1
| /* end confdefs.h.  */
| #ifndef __APPLE_CC__
| 	       not a universal capable compiler
| 	     #endif
| 	     typedef int dummy;
| 
configure:14055: gcc -pthread -c  -Wall -fexceptions  conftest.c >&5
configure:14055: $? = 0
configure:14073: gcc -pthread -c  -Wall -fexceptions  conftest.c >&5
conftest.c: In function 'main':
conftest.c:43:4: error: unknown type name 'not'; did you mean 'ino_t'?
   43 |    not big endian
      |    ^~~
      |    ino_t
conftest.c:43:12: error: expected '=', ',', ';', 'asm' or '__attribute__' before 'endian'
   43 |    not big endian
      |            ^~~~~~
configure:14073: $? = 1
configure: failed program was:
| /* confdefs.h */
| #define PACKAGE_NAME "libffi"
| #define PACKAGE_TARNAME "libffi"
| #define PACKAGE_VERSION "3.1"
| #define PACKAGE_STRING "libffi 3.1"
| #define PACKAGE_BUGREPORT "http://github.com/atgreen/libffi/issues"
| #define PACKAGE_URL ""
| #define PACKAGE "libffi"
| #define VERSION "3.1"
| #define STDC_HEADERS 1
| #define HAVE_SYS_TYPES_H 1
| #define HAVE_SYS_STAT_H 1
| #define HAVE_STDLIB_H 1
| #define HAVE_STRING_H 1
| #define HAVE_MEMORY_H 1
| #define HAVE_STRINGS_H 1
| #define HAVE_INTTYPES_H 1
| #define HAVE_STDINT_H 1
| #define HAVE_UNISTD_H 1
| #define HAVE_DLFCN_H 1
| #define LT_OBJDIR ".libs/"
| #define SIZEOF_SIZE_T 8
| #define HAVE_SYS_MMAN_H 1
| #define HAVE_MMAP 1
| #define HAVE_MMAP_FILE 1
| #define HAVE_MMAP_DEV_ZERO 1
| #define HAVE_MMAP_ANON 1
| #define STDC_HEADERS 1
| #define HAVE_MEMCPY 1
| #define HAVE_ALLOCA_H 1
| #define HAVE_ALLOCA 1
| #define SIZEOF_DOUBLE 8
| #define SIZEOF_LONG_DOUBLE 16
| #define HAVE_LONG_DOUBLE 1
| /* end confdefs.h.  */
| #include <sys/types.h>
| 		#include <sys/param.h>
| 
| int
| main ()
| {
| #if BYTE_ORDER != BIG_ENDIAN
| 		 not big endian
| 		#endif
| 
|   ;
|   return 0;
| }
configure:14201: result: no
configure:14220: checking assembler .cfi pseudo-op support
configure:14238: gcc -pthread -c  -Wall -fexceptions  conftest.c >&5
configure:14238: $? = 0
configure:14246: result: yes
configure:14332: checking assembler supports pc related relocs
configure:14345: result: yes
configure:14353: checking assembler .ascii pseudo-op support
configure:14372: gcc -pthread -c  -Wall -fexceptions  conftest.c >&5
configure:14372: $? = 0
configure:14380: result: yes
configure:14388: checking assembler .string pseudo-op support
configure:14407: gcc -pthread -c  -Wall -fexceptions  conftest.c >&5
configure:14407: $? = 0
configure:14415: result: yes
configure:14435: checking for _ prefix in compiled symbols
configure:14445: gcc -pthread -c  -Wall -fexceptions  conftest.c >&5
conftest.c: In function 'main':
conftest.c:2:12: warning: statement with no effect [-Wunused-value]
    2 | int main(){nm_test_func;return 0;}
      |            ^~~~~~~~~~~~
configure:14448: $? = 0
configure:14452: /usr/bin/nm -B conftest.o \| sed -n -e 's/^.*[	 ]\([ABCDGIRSTW][ABCDGIRSTW]*\)[	 ][	 ]*\([_A-Za-z][_A-Za-z0-9]*\)$/\1 \2 \2/p' | sed '/ __gnu_lto/d' \> conftest.nm
configure:14455: $? = 0
configure:14477: result: no
configure:14513: checking toolchain supports unwind section type
configure:14542: result: yes
configure:14552: checking whether .eh_frame section should be read-only
configure:14572: result: yes
configure:14587: checking for __attribute__((visibility("hidden")))
configure:14596: gcc -pthread -Werror -S conftest.c -o conftest.s 1>&5
configure:14599: $? = 0
configure:14608: result: yes
configure:14820: checking that generated files are newer than configure
configure:14826: result: done
configure:15034: creating ./config.status

## ---------------------- ##
## Running config.status. ##
## ---------------------- ##

This file was extended by libffi config.status 3.1, which was
generated by GNU Autoconf 2.69.  Invocation command line was

  CONFIG_FILES    = 
  CONFIG_HEADERS  = 
  CONFIG_LINKS    = 
  CONFIG_COMMANDS = 
  $ ./config.status 

on DESKTOP-DS581C4

config.status:1293: creating include/Makefile
config.status:1293: creating include/ffi.h
config.status:1293: creating Makefile
config.status:1293: creating testsuite/Makefile
config.status:1293: creating man/Makefile
config.status:1293: creating libffi.pc
config.status:1293: creating fficonfig.py
config.status:1293: creating fficonfig.h
config.status:1519: linking /mnt/f/UCSD/W22/CSE291_ProgramSynthesis/euphony/thirdparty/Python-3.5.1/Modules/_ctypes/libffi/src/x86/ffitarget.h to include/ffitarget.h
config.status:1519: linking /mnt/f/UCSD/W22/CSE291_ProgramSynthesis/euphony/thirdparty/Python-3.5.1/Modules/_ctypes/libffi/include/ffi_common.h to include/ffi_common.h
config.status:1538: executing buildir commands
config.status:1551: skipping top_srcdir/Makefile - not created
config.status:1538: executing depfiles commands
config.status:1538: executing libtool commands
config.status:1538: executing include commands
config.status:1538: executing src commands

## ---------------- ##
## Cache variables. ##
## ---------------- ##

ac_cv_build=x86_64-unknown-linux-gnu
ac_cv_c_bigendian=no
ac_cv_c_compiler_gnu=yes
ac_cv_cflags_warn_all=-Wall
ac_cv_cxx_compiler_gnu=yes
ac_cv_decl_map_anon=yes
ac_cv_env_CCASFLAGS_set=
ac_cv_env_CCASFLAGS_value=
ac_cv_env_CCAS_set=
ac_cv_env_CCAS_value=
ac_cv_env_CPPFLAGS_set=
ac_cv_env_CPPFLAGS_value=
ac_cv_env_CPP_set=
ac_cv_env_CPP_value=
ac_cv_env_CXXCPP_set=
ac_cv_env_CXXCPP_value=
ac_cv_env_build_alias_set=
ac_cv_env_build_alias_value=
ac_cv_env_host_alias_set=
ac_cv_env_host_alias_value=
ac_cv_env_target_alias_set=
ac_cv_env_target_alias_value=
ac_cv_func_alloca_works=yes
ac_cv_func_memcpy=yes
ac_cv_func_mmap=yes
ac_cv_func_mmap_anon=yes
ac_cv_func_mmap_dev_zero=yes
ac_cv_func_mmap_file=yes
ac_cv_header_dlfcn_h=yes
ac_cv_header_inttypes_h=yes
ac_cv_header_memory_h=yes
ac_cv_header_stdc=yes
ac_cv_header_stdint_h=yes
ac_cv_header_stdlib_h=yes
ac_cv_header_string_h=yes
ac_cv_header_strings_h=yes
ac_cv_header_sys_mman_h=yes
ac_cv_header_sys_stat_h=yes
ac_cv_header_sys_types_h=yes
ac_cv_header_unistd_h=yes
ac_cv_host=x86_64-unknown-linux-gnu
ac_cv_objext=o
ac_cv_path_EGREP='/usr/bin/grep -E'
ac_cv_path_FGREP='/usr/bin/grep -F'
ac_cv_path_GREP=/usr/bin/grep
ac_cv_path_SED=/usr/bin/sed
ac_cv_path_ax_enable_builddir_sed=sed
ac_cv_path_install='/usr/bin/install -c'
ac_cv_path_mkdir=/usr/bin/mkdir
ac_cv_prog_AWK=gawk
ac_cv_prog_CPP='gcc -pthread -E'
ac_cv_prog_CXXCPP='g++ -E'
ac_cv_prog_ac_ct_AR=ar
ac_cv_prog_ac_ct_CC='gcc -pthread'
ac_cv_prog_ac_ct_CXX=g++
ac_cv_prog_ac_ct_MANIFEST_TOOL=mt
ac_cv_prog_ac_ct_OBJDUMP=objdump
ac_cv_prog_ac_ct_RANLIB=ranlib
ac_cv_prog_ac_ct_STRIP=strip
ac_cv_prog_cc_c89=
ac_cv_prog_cc_g=yes
ac_cv_prog_cc_gcc_c_o=yes
ac_cv_prog_cxx_g=yes
ac_cv_prog_make_make_set=yes
ac_cv_sizeof_double=8
ac_cv_sizeof_long_double=16
ac_cv_sizeof_size_t=8
ac_cv_target=x86_64-unknown-linux-gnu
ac_cv_type_size_t=yes
ac_cv_working_alloca_h=yes
am_cv_CCAS_dependencies_compiler_type=gcc3
am_cv_CC_dependencies_compiler_type=gcc3
am_cv_CXX_dependencies_compiler_type=gcc3
am_cv_make_support_nested_variables=yes
ax_cv_c_compiler_vendor=gnu
gcc_cv_as_cfi_pseudo_op=yes
libffi_cv_as_ascii_pseudo_op=yes
libffi_cv_as_string_pseudo_op=yes
libffi_cv_as_x86_64_unwind_section_type=yes
libffi_cv_as_x86_pcrel=yes
libffi_cv_hidden_visibility_attribute=yes
libffi_cv_ro_eh_frame=yes
lt_cv_ar_at_file=@
lt_cv_archive_cmds_need_lc=no
lt_cv_deplibs_check_method=pass_all
lt_cv_file_magic_cmd='$MAGIC_CMD'
lt_cv_file_magic_test_file=
lt_cv_ld_reload_flag=-r
lt_cv_nm_interface='BSD nm'
lt_cv_objdir=.libs
lt_cv_path_LD=/usr/bin/ld
lt_cv_path_LDCXX='/usr/bin/ld -m elf_x86_64'
lt_cv_path_NM='/usr/bin/nm -B'
lt_cv_path_mainfest_tool=no
lt_cv_prog_compiler_c_o=yes
lt_cv_prog_compiler_c_o_CXX=yes
lt_cv_prog_compiler_pic='-fPIC -DPIC'
lt_cv_prog_compiler_pic_CXX='-fPIC -DPIC'
lt_cv_prog_compiler_pic_works=yes
lt_cv_prog_compiler_pic_works_CXX=yes
lt_cv_prog_compiler_rtti_exceptions=no
lt_cv_prog_compiler_static_works=yes
lt_cv_prog_compiler_static_works_CXX=yes
lt_cv_prog_gnu_ld=yes
lt_cv_prog_gnu_ldcxx=yes
lt_cv_sharedlib_from_linklib_cmd='printf %s\n'
lt_cv_shlibpath_overrides_runpath=yes
lt_cv_sys_global_symbol_pipe='sed -n -e '\''s/^.*[	 ]\([ABCDGIRSTW][ABCDGIRSTW]*\)[	 ][	 ]*\([_A-Za-z][_A-Za-z0-9]*\)$/\1 \2 \2/p'\'' | sed '\''/ __gnu_lto/d'\'''
lt_cv_sys_global_symbol_to_c_name_address='sed -n -e '\''s/^: \(.*\) .*$/  {"\1", (void *) 0},/p'\'' -e '\''s/^[ABCDGIRSTW][ABCDGIRSTW]* .* \(.*\)$/  {"\1", (void *) \&\1},/p'\'''
lt_cv_sys_global_symbol_to_c_name_address_lib_prefix='sed -n -e '\''s/^: \(.*\) .*$/  {"\1", (void *) 0},/p'\'' -e '\''s/^[ABCDGIRSTW][ABCDGIRSTW]* .* \(lib.*\)$/  {"\1", (void *) \&\1},/p'\'' -e '\''s/^[ABCDGIRSTW][ABCDGIRSTW]* .* \(.*\)$/  {"lib\1", (void *) \&\1},/p'\'''
lt_cv_sys_global_symbol_to_cdecl='sed -n -e '\''s/^T .* \(.*\)$/extern int \1();/p'\'' -e '\''s/^[ABCDGIRSTW][ABCDGIRSTW]* .* \(.*\)$/extern char \1;/p'\'''
lt_cv_sys_global_symbol_to_import=
lt_cv_sys_max_cmd_len=1572864
lt_cv_sys_symbol_underscore=no
lt_cv_to_host_file_cmd=func_convert_file_noop
lt_cv_to_tool_file_cmd=func_convert_file_noop

## ----------------- ##
## Output variables. ##
## ----------------- ##

AARCH64_FALSE=''
AARCH64_TRUE='#'
ACLOCAL='${SHELL} /mnt/f/UCSD/W22/CSE291_ProgramSynthesis/euphony/thirdparty/Python-3.5.1/Modules/_ctypes/libffi/missing aclocal-1.13'
ALLOCA=''
ALPHA_FALSE=''
ALPHA_TRUE='#'
AMDEPBACKSLASH='\'
AMDEP_FALSE='#'
AMDEP_TRUE=''
AMTAR='$${TAR-tar}'
AM_BACKSLASH='\'
AM_DEFAULT_V='$(AM_DEFAULT_VERBOSITY)'
AM_DEFAULT_VERBOSITY='1'
AM_LTLDFLAGS=''
AM_RUNTESTFLAGS=''
AM_V='$(V)'
AR='ar'
ARC_FALSE=''
ARC_TRUE='#'
ARM_FALSE=''
ARM_TRUE='#'
AUTOCONF='${SHELL} /mnt/f/UCSD/W22/CSE291_ProgramSynthesis/euphony/thirdparty/Python-3.5.1/Modules/_ctypes/libffi/missing autoconf'
AUTOHEADER='${SHELL} /mnt/f/UCSD/W22/CSE291_ProgramSynthesis/euphony/thirdparty/Python-3.5.1/Modules/_ctypes/libffi/missing autoheader'
AUTOMAKE='${SHELL} /mnt/f/UCSD/W22/CSE291_ProgramSynthesis/euphony/thirdparty/Python-3.5.1/Modules/_ctypes/libffi/missing automake-1.13'
AVR32_FALSE=''
AVR32_TRUE='#'
AWK='gawk'
BFIN_FALSE=''
BFIN_TRUE='#'
CC='gcc -pthread'
CCAS='gcc -pthread'
CCASDEPMODE='depmode=gcc3'
CCASFLAGS=''
CCDEPMODE='depmode=gcc3'
CFLAGS=' -Wall -fexceptions'
CPP='gcc -pthread -E'
CPPFLAGS=''
CXX='g++'
CXXCPP='g++ -E'
CXXDEPMODE='depmode=gcc3'
CXXFLAGS='-g -O2'
CYGPATH_W='echo'
DEFS='-DHAVE_CONFIG_H'
DEPDIR='.deps'
DLLTOOL='false'
DSYMUTIL=''
DUMPBIN=''
ECHO_C=''
ECHO_N='-n'
ECHO_T=''
EGREP='/usr/bin/grep -E'
EXEEXT=''
FFI_DEBUG_FALSE=''
FFI_DEBUG_TRUE='#'
FFI_EXEC_TRAMPOLINE_TABLE='0'
FFI_EXEC_TRAMPOLINE_TABLE_FALSE=''
FFI_EXEC_TRAMPOLINE_TABLE_TRUE='#'
FGREP='/usr/bin/grep -F'
FRV_FALSE=''
FRV_TRUE='#'
GREP='/usr/bin/grep'
HAVE_LONG_DOUBLE='1'
HAVE_LONG_DOUBLE_VARIANT='0'
IA64_FALSE=''
IA64_TRUE='#'
INSTALL_DATA='${INSTALL} -m 644'
INSTALL_PROGRAM='${INSTALL}'
INSTALL_SCRIPT='${INSTALL}'
INSTALL_STRIP_PROGRAM='$(install_sh) -c -s'
LD='/usr/bin/ld -m elf_x86_64'
LDFLAGS=''
LIBFFI_CRIS_FALSE=''
LIBFFI_CRIS_TRUE='#'
LIBOBJS=''
LIBS=''
LIBTOOL='$(SHELL) $(top_builddir)/libtool'
LIPO=''
LN_S='ln -s'
LTLIBOBJS=''
M32R_FALSE=''
M32R_TRUE='#'
M68K_FALSE=''
M68K_TRUE='#'
M88K_FALSE=''
M88K_TRUE='#'
MAINT='#'
MAINTAINER_MODE_FALSE=''
MAINTAINER_MODE_TRUE='#'
MAKEINFO='${SHELL} /mnt/f/UCSD/W22/CSE291_ProgramSynthesis/euphony/thirdparty/Python-3.5.1/Modules/_ctypes/libffi/missing makeinfo'
MANIFEST_TOOL=':'
METAG_FALSE=''
METAG_TRUE='#'
MICROBLAZE_FALSE=''
MICROBLAZE_TRUE='#'
MIPS_FALSE=''
MIPS_TRUE='#'
MKDIR_P='/usr/bin/mkdir -p'
MOXIE_FALSE=''
MOXIE_TRUE='#'
NIOS2_FALSE=''
NIOS2_TRUE='#'
NM='/usr/bin/nm -B'
NMEDIT=''
OBJDUMP='objdump'
OBJEXT='o'
OTOOL64=''
OTOOL=''
PA64_HPUX_FALSE=''
PA64_HPUX_TRUE='#'
PACKAGE='libffi'
PACKAGE_BUGREPORT='http://github.com/atgreen/libffi/issues'
PACKAGE_NAME='libffi'
PACKAGE_STRING='libffi 3.1'
PACKAGE_TARNAME='libffi'
PACKAGE_URL=''
PACKAGE_VERSION='3.1'
PATH_SEPARATOR=':'
PA_HPUX_FALSE=''
PA_HPUX_TRUE='#'
PA_LINUX_FALSE=''
PA_LINUX_TRUE='#'
POWERPC_AIX_FALSE=''
POWERPC_AIX_TRUE='#'
POWERPC_DARWIN_FALSE=''
POWERPC_DARWIN_TRUE='#'
POWERPC_FALSE=''
POWERPC_FREEBSD_FALSE=''
POWERPC_FREEBSD_TRUE='#'
POWERPC_TRUE='#'
PRTDIAG=''
RANLIB='ranlib'
S390_FALSE=''
S390_TRUE='#'
SED='/usr/bin/sed'
SET_MAKE=''
SH64_FALSE=''
SH64_TRUE='#'
SHELL='/bin/bash'
SH_FALSE=''
SH_TRUE='#'
SPARC_FALSE=''
SPARC_TRUE='#'
STRIP='strip'
TARGET='X86_64'
TARGETDIR='x86'
TESTSUBDIR_FALSE='#'
TESTSUBDIR_TRUE=''
TILE_FALSE=''
TILE_TRUE='#'
VAX_FALSE=''
VAX_TRUE='#'
VERSION='3.1'
X86_64_FALSE='#'
X86_64_TRUE=''
X86_DARWIN32_FALSE=''
X86_DARWIN32_TRUE='#'
X86_DARWIN64_FALSE=''
X86_DARWIN64_TRUE='#'
X86_DARWIN_FALSE=''
X86_DARWIN_TRUE='#'
X86_FALSE=''
X86_FREEBSD_FALSE=''
X86_FREEBSD_TRUE='#'
X86_TRUE='#'
X86_WIN32_FALSE=''
X86_WIN32_TRUE='#'
X86_WIN64_FALSE=''
X86_WIN64_TRUE='#'
XTENSA_FALSE=''
XTENSA_TRUE='#'
ac_ct_AR='ar'
ac_ct_CC='gcc -pthread'
ac_ct_CXX='g++'
ac_ct_DUMPBIN=''
am__EXEEXT_FALSE=''
am__EXEEXT_TRUE='#'
am__fastdepCCAS_FALSE='#'
am__fastdepCCAS_TRUE=''
am__fastdepCC_FALSE='#'
am__fastdepCC_TRUE=''
am__fastdepCXX_FALSE='#'
am__fastdepCXX_TRUE=''
am__include='include'
am__isrc=' -I$(srcdir)'
am__leading_dot='.'
am__nodep='_no'
am__quote=''
am__tar='$${TAR-tar} chof - "$$tardir"'
am__untar='$${TAR-tar} xf -'
ax_enable_builddir_sed='sed'
bindir='${exec_prefix}/bin'
build='x86_64-unknown-linux-gnu'
build_alias=''
build_cpu='x86_64'
build_os='linux-gnu'
build_vendor='unknown'
datadir='${datarootdir}'
datarootdir='${prefix}/share'
docdir='${datarootdir}/doc/${PACKAGE_TARNAME}'
dvidir='${docdir}'
exec_prefix='${prefix}'
host='x86_64-unknown-linux-gnu'
host_alias=''
host_cpu='x86_64'
host_os='linux-gnu'
host_vendor='unknown'
htmldir='${docdir}'
includedir='${prefix}/include'
infodir='${datarootdir}/info'
install_sh='${SHELL} /mnt/f/UCSD/W22/CSE291_ProgramSynthesis/euphony/thirdparty/Python-3.5.1/Modules/_ctypes/libffi/install-sh'
libdir='${exec_prefix}/lib'
libexecdir='${exec_prefix}/libexec'
localedir='${datarootdir}/locale'
localstatedir='${prefix}/var'
mandir='${datarootdir}/man'
mkdir_p='$(MKDIR_P)'
oldincludedir='/usr/include'
pdfdir='${docdir}'
prefix='/usr/local'
program_transform_name='s,x,x,'
psdir='${docdir}'
sbindir='${exec_prefix}/sbin'
sharedstatedir='${prefix}/com'
sys_symbol_underscore='no'
sysconfdir='${prefix}/etc'
target='x86_64-unknown-linux-gnu'
target_alias=''
target_cpu='x86_64'
target_os='linux-gnu'
target_vendor='unknown'
toolexecdir='$(libdir)/gcc-lib/$(target_alias)'
toolexeclibdir='$(libdir)/../lib'

## ----------- ##
## confdefs.h. ##
## ----------- ##

/* confdefs.h */
#define PACKAGE_NAME "libffi"
#define PACKAGE_TARNAME "libffi"
#define PACKAGE_VERSION "3.1"
#define PACKAGE_STRING "libffi 3.1"
#define PACKAGE_BUGREPORT "http://github.com/atgreen/libffi/issues"
#define PACKAGE_URL ""
#define PACKAGE "libffi"
#define VERSION "3.1"
#define STDC_HEADERS 1
#define HAVE_SYS_TYPES_H 1
#define HAVE_SYS_STAT_H 1
#define HAVE_STDLIB_H 1
#define HAVE_STRING_H 1
#define HAVE_MEMORY_H 1
#define HAVE_STRINGS_H 1
#define HAVE_INTTYPES_H 1
#define HAVE_STDINT_H 1
#define HAVE_UNISTD_H 1
#define HAVE_DLFCN_H 1
#define LT_OBJDIR ".libs/"
#define SIZEOF_SIZE_T 8
#define HAVE_SYS_MMAN_H 1
#define HAVE_MMAP 1
#define HAVE_MMAP_FILE 1
#define HAVE_MMAP_DEV_ZERO 1
#define HAVE_MMAP_ANON 1
#define STDC_HEADERS 1
#define HAVE_MEMCPY 1
#define HAVE_ALLOCA_H 1
#define HAVE_ALLOCA 1
#define SIZEOF_DOUBLE 8
#define SIZEOF_LONG_DOUBLE 16
#define HAVE_LONG_DOUBLE 1
#define HAVE_AS_CFI_PSEUDO_OP 1
#define HAVE_AS_X86_PCREL 1
#define HAVE_AS_ASCII_PSEUDO_OP 1
#define HAVE_AS_STRING_PSEUDO_OP 1
#define HAVE_AS_X86_64_UNWIND_SECTION_TYPE 1
#define HAVE_RO_EH_FRAME 1
#define EH_FRAME_FLAGS "a"
#define HAVE_HIDDEN_VISIBILITY_ATTRIBUTE 1

configure: exit 0
